Using pre-set license
Built from '2020.3/staging' branch; Version is '2020.3.28f1 (f5400f52e03f) revision 16072719'; Using compiler version '192528614'; Build Type 'Release'
OS: 'Windows 10  (10.0.19043) 64bit Professional' Language: 'fi' Physical Memory: 16180 MB
BatchMode: 1, IsHumanControllingUs: 0, StartBugReporterOnCrash: 0, Is64bit: 1, IsPro: 0

COMMAND LINE ARGUMENTS:
C:\Program Files\Unity\Hub\Editor\2020.3.28f1\Editor\Unity.exe
-adb2
-batchMode
-noUpm
-name
AssetImportWorker0
-projectPath
C:/Users/Asentaja202x/Zelda game
-logFile
Logs/AssetImportWorker0.log
-srvPort
50171
Successfully changed project path to: C:/Users/Asentaja202x/Zelda game
C:/Users/Asentaja202x/Zelda game
Using Asset Import Pipeline V2.
Refreshing native plugins compatible for Editor in 40.51 ms, found 3 plugins.
Preloading 0 native plugins for Editor in 0.00 ms.
Initialize engine version: 2020.3.28f1 (f5400f52e03f)
[Subsystems] Discovering subsystems at path C:/Program Files/Unity/Hub/Editor/2020.3.28f1/Editor/Data/Resources/UnitySubsystems
[Subsystems] Discovering subsystems at path C:/Users/Asentaja202x/Zelda game/Assets
GfxDevice: creating device client; threaded=0
Direct3D:
    Version:  Direct3D 11.0 [level 11.1]
    Renderer: NVIDIA Quadro P620 (ID=0x1cb6)
    Vendor:   
    VRAM:     1977 MB
    Driver:   30.0.14.7141
Initialize mono
Mono path[0] = 'C:/Program Files/Unity/Hub/Editor/2020.3.28f1/Editor/Data/Managed'
Mono path[1] = 'C:/Program Files/Unity/Hub/Editor/2020.3.28f1/Editor/Data/MonoBleedingEdge/lib/mono/unityjit'
Mono config path = 'C:/Program Files/Unity/Hub/Editor/2020.3.28f1/Editor/Data/MonoBleedingEdge/etc'
Using monoOptions --debugger-agent=transport=dt_socket,embedding=1,server=y,suspend=n,address=127.0.0.1:56052
Begin MonoManager ReloadAssembly
Registering precompiled unity dll's ...
Register platform support module: C:/Program Files/Unity/Hub/Editor/2020.3.28f1/Editor/Data/PlaybackEngines/WindowsStandaloneSupport/UnityEditor.WindowsStandalone.Extensions.dll
Registered in 0.001844 seconds.
Native extension for WindowsStandalone target not found
Refreshing native plugins compatible for Editor in 38.29 ms, found 3 plugins.
Preloading 0 native plugins for Editor in 0.00 ms.
Mono: successfully reloaded assembly
- Completed reload, in  0.524 seconds
Domain Reload Profiling:
	ReloadAssembly (524ms)
		BeginReloadAssembly (63ms)
			ExecutionOrderSort (0ms)
			DisableScriptedObjects (0ms)
			BackupInstance (0ms)
			ReleaseScriptingObjects (0ms)
			CreateAndSetChildDomain (1ms)
		EndReloadAssembly (398ms)
			LoadAssemblies (61ms)
			RebuildTransferFunctionScriptingTraits (0ms)
			SetupTypeCache (130ms)
			ReleaseScriptCaches (0ms)
			RebuildScriptCaches (29ms)
			SetupLoadedEditorAssemblies (149ms)
				LogAssemblyErrors (0ms)
				InitializePlatformSupportModulesInManaged (4ms)
				SetLoadedEditorAssemblies (0ms)
				RefreshPlugins (38ms)
				BeforeProcessingInitializeOnLoad (14ms)
				ProcessInitializeOnLoadAttributes (69ms)
				ProcessInitializeOnLoadMethodAttributes (23ms)
				AfterProcessingInitializeOnLoad (0ms)
				EditorAssembliesLoaded (0ms)
			ExecutionOrderSort2 (0ms)
			AwakeInstancesAfterBackupRestoration (0ms)
Platform modules already initialized, skipping
Registering precompiled user dll's ...
Registered in 0.004680 seconds.
Begin MonoManager ReloadAssembly
Native extension for WindowsStandalone target not found
Refreshing native plugins compatible for Editor in 37.02 ms, found 3 plugins.
Preloading 0 native plugins for Editor in 0.00 ms.
Mono: successfully reloaded assembly
- Completed reload, in  0.981 seconds
Domain Reload Profiling:
	ReloadAssembly (981ms)
		BeginReloadAssembly (139ms)
			ExecutionOrderSort (0ms)
			DisableScriptedObjects (4ms)
			BackupInstance (0ms)
			ReleaseScriptingObjects (0ms)
			CreateAndSetChildDomain (17ms)
		EndReloadAssembly (790ms)
			LoadAssemblies (97ms)
			RebuildTransferFunctionScriptingTraits (0ms)
			SetupTypeCache (264ms)
			ReleaseScriptCaches (0ms)
			RebuildScriptCaches (41ms)
			SetupLoadedEditorAssemblies (296ms)
				LogAssemblyErrors (0ms)
				InitializePlatformSupportModulesInManaged (3ms)
				SetLoadedEditorAssemblies (0ms)
				RefreshPlugins (37ms)
				BeforeProcessingInitializeOnLoad (71ms)
				ProcessInitializeOnLoadAttributes (166ms)
				ProcessInitializeOnLoadMethodAttributes (14ms)
				AfterProcessingInitializeOnLoad (6ms)
				EditorAssembliesLoaded (0ms)
			ExecutionOrderSort2 (0ms)
			AwakeInstancesAfterBackupRestoration (5ms)
Platform modules already initialized, skipping
========================================================================
Worker process is ready to serve import requests
Launched and connected shader compiler UnityShaderCompiler.exe after 0.08 seconds
Refreshing native plugins compatible for Editor in 0.45 ms, found 3 plugins.
Preloading 0 native plugins for Editor in 0.00 ms.
Unloading 2196 Unused Serialized files (Serialized files now loaded: 0)
System memory in use before: 95.9 MB.
System memory in use after: 95.8 MB.

Unloading 34 unused Assets to reduce memory usage. Loaded Objects now: 2623.
Total: 4.211300 ms (FindLiveObjects: 0.312200 ms CreateObjectMapping: 0.119300 ms MarkObjects: 3.438600 ms  DeleteObjects: 0.340000 ms)

AssetImportParameters requested are different than current active one (requested -> active):
  custom:framework-win-MediaFoundation: 216162199b28c13a410421893ffa2e32 -> 
  custom:video-decoder-ogg-theora: a1e56fd34408186e4bbccfd4996cb3dc -> 
  custom:container-muxer-webm: aa71ff27fc2769a1b78a27578f13a17b -> 
  custom:container-demuxer-webm: 4f35f7cbe854078d1ac9338744f61a02 -> 
  custom:container-demuxer-ogg: 62fdf1f143b41e24485cea50d1cbac27 -> 
  custom:video-encoder-webm-vp8: eb34c28f22e8b96e1ab97ce403110664 -> 
  custom:video-decoder-webm-vp8: 9c59270c3fd7afecdb556c50c9e8de78 -> 
  custom:audio-decoder-ogg-vorbis: bf7c407c2cedff20999df2af8eb42d56 -> 
  custom:audio-encoder-webm-vorbis: bf7c407c2cedff20999df2af8eb42d56 -> 
========================================================================
Received Import Request.
  path: Assets
  artifactKey: Guid(00000000000000001000000000000000) Importer(815301076,1909f56bfc062723c751e8b465ee728b)
Start importing Assets using Guid(00000000000000001000000000000000) Importer(815301076,1909f56bfc062723c751e8b465ee728b)  -> (artifact id: '42d402b061de3733987d63b9cc3b64de') in 0.007025 seconds 
  Import took 0.010829 seconds .

========================================================================
Received Import Request.
  Time since last request: 10.442065 seconds.
  path: Assets/_Game
  artifactKey: Guid(f4b788da4fce016439e1a44a1a8aa04c) Importer(815301076,1909f56bfc062723c751e8b465ee728b)
Start importing Assets/_Game using Guid(f4b788da4fce016439e1a44a1a8aa04c) Importer(815301076,1909f56bfc062723c751e8b465ee728b)  -> (artifact id: '8f01e564c618d122fb6cbd10e64ce32d') in 0.004657 seconds 
  Import took 0.008231 seconds .

========================================================================
Received Import Request.
  Time since last request: 20.990762 seconds.
  path: Assets/_Game/Sprites
  artifactKey: Guid(1a8878ac96c45ad47bea4352542e26ff) Importer(815301076,1909f56bfc062723c751e8b465ee728b)
Start importing Assets/_Game/Sprites using Guid(1a8878ac96c45ad47bea4352542e26ff) Importer(815301076,1909f56bfc062723c751e8b465ee728b)  -> (artifact id: 'dcb7f4596f61fb7aad9982fa74b533e9') in 0.005653 seconds 
  Import took 0.009293 seconds .

========================================================================
Received Import Request.
  Time since last request: 10.985795 seconds.
  path: Assets/_Game/Sprites/Game stuff.psd
  artifactKey: Guid(44fdae20192be144094709de07505e30) Importer(815301076,1909f56bfc062723c751e8b465ee728b)
Start importing Assets/_Game/Sprites/Game stuff.psd using Guid(44fdae20192be144094709de07505e30) Importer(815301076,1909f56bfc062723c751e8b465ee728b)  -> (artifact id: '29c4d2cca9301fc9756fa6abd05d4153') in 0.097255 seconds 
  Import took 0.101378 seconds .

========================================================================
Received Import Request.
  Time since last request: 97.251479 seconds.
  path: Assets/_Game/Sprites/Game stuff.psd
  artifactKey: Guid(44fdae20192be144094709de07505e30) Importer(815301076,1909f56bfc062723c751e8b465ee728b)
Start importing Assets/_Game/Sprites/Game stuff.psd using Guid(44fdae20192be144094709de07505e30) Importer(815301076,1909f56bfc062723c751e8b465ee728b)  -> (artifact id: '1057ae0395c6816f49aa106a9919358a') in 0.009142 seconds 
  Import took 0.013023 seconds .

========================================================================
Received Import Request.
  Time since last request: 221.385594 seconds.
  path: Assets/_Game/Sprites/Game stuff.psd
  artifactKey: Guid(44fdae20192be144094709de07505e30) Importer(815301076,1909f56bfc062723c751e8b465ee728b)
Start importing Assets/_Game/Sprites/Game stuff.psd using Guid(44fdae20192be144094709de07505e30) Importer(815301076,1909f56bfc062723c751e8b465ee728b)  -> (artifact id: '88b1224f8bffb13e66f7d58c470f1ef4') in 0.056669 seconds 
  Import took 0.060304 seconds .

========================================================================
Received Import Request.
  Time since last request: 726.249858 seconds.
  path: Assets/_Game/Sprites/Game stuff.psd
  artifactKey: Guid(44fdae20192be144094709de07505e30) Importer(815301076,1909f56bfc062723c751e8b465ee728b)
Start importing Assets/_Game/Sprites/Game stuff.psd using Guid(44fdae20192be144094709de07505e30) Importer(815301076,1909f56bfc062723c751e8b465ee728b)  -> (artifact id: '6741027905db73fe86f9e1be6adf83dc') in 0.054362 seconds 
  Import took 0.058458 seconds .

========================================================================
Received Import Request.
  Time since last request: 12.807970 seconds.
  path: Assets/_Game/Sprites/Game stuff.psd
  artifactKey: Guid(44fdae20192be144094709de07505e30) Importer(815301076,1909f56bfc062723c751e8b465ee728b)
Start importing Assets/_Game/Sprites/Game stuff.psd using Guid(44fdae20192be144094709de07505e30) Importer(815301076,1909f56bfc062723c751e8b465ee728b)  -> (artifact id: '99f284dba53684529c0d05f858a9426a') in 0.042958 seconds 
  Import took 0.046180 seconds .

AssetImportWorkerClient::OnTransportError - code=2 error=End of file
